[ctlyticstry.framer.website/index.html]
[backblue.gif]
[fade.gif]
[index.html]
[framerusercontent.com/assets/lQaTzxEvLZmG4zt4FhSxtkSsA.png]
[framerusercontent.com/images/oDafMqZRAfgqtOWgaLl1jU.png]
[framerusercontent.com/images/8eQ1oQCP2QLDtWk6w5qSe27ts.png]
[ctlyticstry.framer.website/players.html]
[framerusercontent.com/images/b00OhyFldG7rePML5TZCncrcFo.png]
[ctlyticstry.framer.website/tournaments.html]
[ctlyticstry.framer.website/teams.html]
[ctlyticstry.framer.website/matches/217.html]
[framerusercontent.com/images/eHwq5q9Jp8BQeadP6oNomaQJ2k.png]
[framerusercontent.com/images/JPVcCW52ZDPA59noPEJqUq0.jpg]
[framerusercontent.com/images/HFQgLs3t7x0RBDWzpBprzvOSMo.png]
[framerusercontent.com/images/HMy1hnhLXayXCr3RlYg1QCJGJUc.png]
[ctlyticstry.framer.website/matches/216.html]
[ctlyticstry.framer.website/matches/214.html]
[framerusercontent.com/images/ui2KFkNNFlkxG5HCtqwUC0i5dO8.jpg]
[ctlyticstry.framer.website/matches/213.html]
[framerusercontent.com/images/MtrEYQe9n2WPWaTmfUdwfoBMs.png]
[ctlyticstry.framer.website/matches/210.html]
[ctlyticstry.framer.website/matches/212.html]
[framerusercontent.com/images/PEwbE4a0QoeHUMNAuBWPNsFdeFw.png]
[framerusercontent.com/images/5nsdnFiZR7jvI6lfvGU7XcdZf8.jpg]
[ctlyticstry.framer.website/matches/209.html]
[ctlyticstry.framer.website/matches/207.html]
[framerusercontent.com/images/EfJ01T8B3NyW3lcA7M76x5UQ4.png]
[framerusercontent.com/images/B4xiN4lVx6BwHqfngd8v5QNMjHs.jpg]
[framerusercontent.com/images/SrqmTdFdjTurafLE59GFiDKeCL8.jpg]
[ctlyticstry.framer.website/matches/206.html]
[framerusercontent.com/images/hRfjtUkiNksuy7c05NVjfEvfedM.png]
[framerusercontent.com/images/uniYlymFHPyQS1rvuuaXNnX39M.png]
[framerusercontent.com/images/irmADRd5NGQi4zqkuyu7iAtdz0.jpg]
[ctlyticstry.framer.website/matches/205.html]
[framerusercontent.com/images/qiK4auhJZSKiGDVUF3Q5oIePaa8.jpg]
[framerusercontent.com/images/LYnTRlPaIzBnyDVxqSMwsb7mIU.jpg]
[framerusercontent.com/images/T5FdKpKFq0eCH7UGyut2s6OQ3kg.png]
[ctlyticstry.framer.website/matches/204.html]
[framerusercontent.com/images/WAZfI2Ef1lrKfiG0TafOwL1XtHc.png]
[framerusercontent.com/images/EjXgWyuBBMMYQVNXvArasvYwE.png]
[framerusercontent.com/images/hAavWdcUTlgN68LCPYMnSDr2M.jpg]
[framerusercontent.com/images/42I7pe5VX5CCKDhS4aMHn8qVo0.jpg]
[framerusercontent.com/images/gjgRxAbedlfAljV7PAaIVajOYc.jpg]
[ctlyticstry.framer.website/matches/203.html]
[framerusercontent.com/images/QCemsehvrrWlG6xB7uyEB1dpE.png]
[ctlyticstry.framer.website/matches/202.html]
[framerusercontent.com/images/F3UT3CAdtqUf9HMsUjwH5GK9M8.jpg]
[framerusercontent.com/images/gIXlzONOif4FcGd6GsvNxBwvxE.png]
[framerusercontent.com/images/3fxfegii8wcf7eAwsRFcQqIDSA.jpg]
[ctlyticstry.framer.website/matches/201.html]
[framerusercontent.com/images/AHVtvti3bAXTeKLs8VEBDtL18.jpg]
[framerusercontent.com/images/b889vTb6GcGrF55nwy898DCElnc.jpg]
[framerusercontent.com/images/TxUaYeakTkly9rRkw2gFMo8o.png]
[ctlyticstry.framer.website/matches/200.html]
[framerusercontent.com/images/8a3E2RNKmg7yTplwr6kvH7PAUEk.png]
[framerusercontent.com/images/PVw86MFJ81JO0Gmt4Vsv6QLKrE.png]
[framerusercontent.com/images/WOo8ipeYyujoypicLjE1YDhg9IQ.jpg]
[framerusercontent.com/images/5KqySrOAEZNNPiEttJxJXCQtD5U.jpg]
[ctlyticstry.framer.website/matches/199.html]
[framerusercontent.com/images/BtpZ68UJ4m6MftCKosOQ2YsU58.jpg]
[ctlyticstry.framer.website/matches/198.html]
[framerusercontent.com/images/6YxXvLk4bMeAE538RLJpqoXMXE.png]
[framerusercontent.com/images/Adz8LThRi8mmULe3vIZX3t51dqc.jpg]
[framerusercontent.com/images/Dt1nps6MaACitFFTsN9r7IrVPjs.jpg]
[framerusercontent.com/images/YzIBKI1t3WL5c2lvYCWien4PgQ.jpg]
[ctlyticstry.framer.website/matches/197.html]
[framerusercontent.com/images/LeoxqMFmSgWMrqumPOgIz7ArAU.jpg]
[framerusercontent.com/images/PhESjIDlXXtfwzCKIaINw0LQa5k.png]
[ctlyticstry.framer.website/matches/196.html]
[framerusercontent.com/images/sg1jTXlx4v3Isd3DU1FiGRqirw.jpg]
[ctlyticstry.framer.website/matches/195.html]
[framerusercontent.com/images/82R3uYS0mQQvdG49Lwg9ddTmoGg.jpg]
[ctlyticstry.framer.website/matches/194.html]
[framerusercontent.com/images/CgxNT83AYzcRaiNXsNIiqR9cbc.jpg]
[framerusercontent.com/images/UBSexwMJxFu9Z3qmWP1gbcyBGg.png]
[framerusercontent.com/images/jOWmph6FzyFrkMDZAnZAbTD8D58.jpg]
[ctlyticstry.framer.website/matches/193.html]
[framerusercontent.com/images/pdOnX1KaGeMsccEuMJLkzeB7ra0.png]
[ctlyticstry.framer.website/matches/192.html]
[framerusercontent.com/images/XaD6LzJNQkaP8LMqPE24K8bY0.png]
[framerusercontent.com/images/Q0fcr3AXPNXRGpFiYZfz7IlgoA.png]
[framerusercontent.com/images/Ixh904GbphdaaGd1e9LpYvAneA.png]
[ctlyticstry.framer.website/matches/191.html]
[framerusercontent.com/images/kr9LBmX9IZEIElKonvPw9VphPI4.jpg]
[framerusercontent.com/images/rBAcbBlEbqHecsRzDBD9ET5bAII.png]
[framerusercontent.com/images/xljTkypWbuAq9l4Cn8KUZzdLtm4.png]
[ctlyticstry.framer.website/matches/190.html]
[framerusercontent.com/images/jGzTCNlseLymIpFcPbq6rDlmE.png]
[ctlyticstry.framer.website/matches/189.html]
[framerusercontent.com/images/jXhQRgVFVVIjPFXiZ3bUOEh2A0.png]
[framerusercontent.com/images/NEm41m6RKPH24t6SbUPKeRRzs.png]
[ctlyticstry.framer.website/matches/188.html]
[framerusercontent.com/images/YEaMS81HKsB8zS3b3LMjEOMSdPM.png]
[framerusercontent.com/images/r7Tv3qA5LlzsEpmBCzpuYg2beU.png]
[framerusercontent.com/images/KD7Exo9WUDsaviExI82hP99L9Xk.jpg]
[ctlyticstry.framer.website/matches/187.html]
[framerusercontent.com/images/jlcLMWTBOXuy256gAByZ8ToGf1g.png]
[framerusercontent.com/images/sHY7ofrTSl70VuYMeCCpUbnC2I.jpg]
[ctlyticstry.framer.website/matches/186.html]
[framerusercontent.com/images/WNGk6ynrfAJMzlbjqPiD20NZgI.jpg]
[framerusercontent.com/images/Yht6BJxQYfBYSkMQY1UnLtMsY3Q.png]
[ctlyticstry.framer.website/matches/185.html]
[framerusercontent.com/images/QXfW7eoYGTcl0FygWVdoxIPfKf8.jpg]
[ctlyticstry.framer.website/matches/184.html]
[framerusercontent.com/images/am2kFfXEeHkQlGEHbgbHW0LdLM.png]
[framerusercontent.com/images/IOtCFcEWTRvwYz4WrFbPifWLs.png]
[ctlyticstry.framer.website/matches/183.html]
[framerusercontent.com/images/EX8rDkCbxEvfyTFawpOIFklyf1Q.jpg]
[framerusercontent.com/images/YtzIgv1jrz7vfioxR2OY66DkkQ.jpg]
[ctlyticstry.framer.website/matches/182.html]
[framerusercontent.com/images/3GIE5ZRnDZj5ZPZRVdg59VhA3lk.png]
[ctlyticstry.framer.website/matches/181.html]
[framerusercontent.com/images/NDy8Bg7hDhUasLmq8SJjB5DDH3A.png]
[framerusercontent.com/images/omKnM0320BBbxwiQ4KVidM5GkGw.jpg]
[framerusercontent.com/images/EoCVjBXHcuo57wvtcITmhafy9No.png]
[framerusercontent.com/images/uUXgobOcv64tuIOqDeb4d6bGRAI.jpg]
[ctlyticstry.framer.website/matches/180.html]
[ctlyticstry.framer.website/matches/178.html]
[framerusercontent.com/images/dnU45igAAzVpBa7HqyeP0sMZQbI.png]
[framerusercontent.com/images/PlAyrSa1YUixHPEro6gEh5VRA.jpg]
[ctlyticstry.framer.website/matches/175.html]
[ctlyticstry.framer.website/matches/176.html]
[framerusercontent.com/images/Q73BuzrpjCIYPor6T5kmG4lRhFQ.png]
[ctlyticstry.framer.website/matches/174.html]
[ctlyticstry.framer.website/matches/173.html]
[framerusercontent.com/images/A64fsQ9XNU8qajcQnSy4UjWYI8.jpg]
[ctlyticstry.framer.website/matches/172.html]
[framerusercontent.com/images/wNW5MUsVFJgjkATW8qoGt6ft5SY9ae5.png]
[ctlyticstry.framer.website/matches/171.html]
[ctlyticstry.framer.website/matches/170.html]
[framerusercontent.com/images/uDGYRHXwtBHYLAlkDy9iIkdKc4.jpg]
[ctlyticstry.framer.website/index.html]
[ctlyticstry.framer.website/matches/169.html]
[ctlyticstry.framer.website/matches/168.html]
[ctlyticstry.framer.website/matches/167.html]
[framerusercontent.com/images/lQaTzxEvLZmG4zt4FhSxtkSsA.png]
[ctlyticstry.framer.website/players.html]
[ctlyticstry.framer.website/matches/166.html]
[ctlyticstry.framer.website/matches/165.html]
[ctlyticstry.framer.website/matches/164.html]
[framerusercontent.com/images/jv6i1XcKxOVP1SLlCeDR5lRZG3g.png]
[ctlyticstry.framer.website/tournaments.html]
[ctlyticstry.framer.website/matches/162.html]
[ctlyticstry.framer.website/matches/161.html]
[ctlyticstry.framer.website/matches/160.html]
[ctlyticstry.framer.website/teams.html]
[ctlyticstry.framer.website/matches/159.html]
[ctlyticstry.framer.website/matches/158.html]
[ctlyticstry.framer.website/matches/156.html]
[ctlyticstry.framer.website/matches/157.html]
[ctlyticstry.framer.website/matches/154.html]
[ctlyticstry.framer.website/matches/155.html]
[ctlyticstry.framer.website/matches/152.html]
[ctlyticstry.framer.website/matches/153.html]
[framerusercontent.com/images/O6TDvKsleFOfeIkQlAWbLq2CQpA.png]
[ctlyticstry.framer.website/matches/151.html]
[framerusercontent.com/images/3VEqHeeiBWZNf1McEiQhDDCmNQI.png]
[ctlyticstry.framer.website/matches/149.html]
[framerusercontent.com/images/LrHpobILPy0y1HUlvBadc4VB6o.png]
[ctlyticstry.framer.website/matches/148.html]
[ctlyticstry.framer.website/matches/146.html]
[framerusercontent.com/images/0UqzlfDA8iEbKDHSEpxhle9dc.png]
[ctlyticstry.framer.website/matches/147.html]
[framerusercontent.com/images/KGgMjOmV2liyzH5ZLpmYQrJb0ZY.png]
[ctlyticstry.framer.website/matches/145.html]
[ctlyticstry.framer.website/matches/144.html]
[framerusercontent.com/images/8aFm90nEW4OTA3Vr2duO2gcrk.png]
[ctlyticstry.framer.website/matches/217.html]
[ctlyticstry.framer.website/matches/143.html]
[framerusercontent.com/images/IF0CjLtktspa7M0bg1lXTElH9xs.png]
[ctlyticstry.framer.website/matches/142.html]
[ctlyticstry.framer.website/matches/141.html]
[ctlyticstry.framer.website/matches/140.html]
[ctlyticstry.framer.website/matches/216.html]
[ctlyticstry.framer.website/matches/138.html]
[ctlyticstry.framer.website/matches/139.html]
[ctlyticstry.framer.website/matches/137.html]
[ctlyticstry.framer.website/matches/136.html]
[framerusercontent.com/images/gyQtDOl1eyPECFIKnEGTxk3zdRw.png]
[ctlyticstry.framer.website/matches/135.html]
[ctlyticstry.framer.website/matches/134.html]
[ctlyticstry.framer.website/matches/133.html]
[framerusercontent.com/images/rlpUC7cnMxzfKlskK4N5qq1DLw8.png]
[ctlyticstry.framer.website/matches/131.html]
[ctlyticstry.framer.website/matches/130.html]
[ctlyticstry.framer.website/matches/132.html]
[framerusercontent.com/images/OsKHH6bacz346ra9z31LCtOJg.png]
[ctlyticstry.framer.website/matches/129.html]
[ctlyticstry.framer.website/matches/128.html]
[ctlyticstry.framer.website/matches/127.html]
[framerusercontent.com/images/q91c8L9qZqacKTGcfyY39Kykg.png]
[ctlyticstry.framer.website/matches/126.html]
[ctlyticstry.framer.website/matches/125.html]
[ctlyticstry.framer.website/matches/124.html]
[framerusercontent.com/images/MENqlQfCy00lWs7maTUNys2V7aI.png]
[ctlyticstry.framer.website/matches/123.html]
[ctlyticstry.framer.website/matches/121.html]
[ctlyticstry.framer.website/matches/122.html]
[framerusercontent.com/images/PfEi6gWMqC2nfsovgU3D3wYDSM.png]
[ctlyticstry.framer.website/matches/214.html]
[ctlyticstry.framer.website/matches/120.html]
[ctlyticstry.framer.website/matches/118.html]
[ctlyticstry.framer.website/matches/117.html]
[framerusercontent.com/images/6PmvKRHs94kabAEio4h6cjbWsU.png]
[ctlyticstry.framer.website/matches/116.html]
[ctlyticstry.framer.website/matches/114.html]
[ctlyticstry.framer.website/matches/115.html]
[framerusercontent.com/images/vuWuHzvax2E56bwi5yqIbIYI.png]
[ctlyticstry.framer.website/matches/112.html]
[ctlyticstry.framer.website/matches/111.html]
[ctlyticstry.framer.website/matches/213.html]
[ctlyticstry.framer.website/matches/113.html]
[ctlyticstry.framer.website/matches/108.html]
[ctlyticstry.framer.website/matches/110.html]
[ctlyticstry.framer.website/matches/109.html]
[framerusercontent.com/images/0dUk0n0HpUI5itR5W6SeGMygnY.png]
[ctlyticstry.framer.website/matches/107.html]
[ctlyticstry.framer.website/matches/106.html]
[ctlyticstry.framer.website/matches/103.html]
[framerusercontent.com/images/ND1p1GNlEMS43EzKgP3AnU5ViQ.png]
[ctlyticstry.framer.website/matches/102.html]
[ctlyticstry.framer.website/matches/212.html]
[ctlyticstry.framer.website/matches/98.html]
[ctlyticstry.framer.website/matches/99.html]
[ctlyticstry.framer.website/matches/97.html]
[ctlyticstry.framer.website/matches/96.html]
[framerusercontent.com/images/WjlDeGm8p6cpsFvcwX3Rl8q7Jg.png]
[ctlyticstry.framer.website/matches/210.html]
[ctlyticstry.framer.website/matches/93.html]
[ctlyticstry.framer.website/matches/209.html]
[ctlyticstry.framer.website/matches/91.html]
[ctlyticstry.framer.website/matches/92.html]
[ctlyticstry.framer.website/matches/90.html]
[ctlyticstry.framer.website/matches/89.html]
[ctlyticstry.framer.website/matches/88.html]
[ctlyticstry.framer.website/matches/87.html]
[framerusercontent.com/images/AnsphJPywilKrqb7wNngqq9qhs.png]
[ctlyticstry.framer.website/matches/207.html]
[ctlyticstry.framer.website/matches/86.html]
[ctlyticstry.framer.website/matches/206.html]
[ctlyticstry.framer.website/matches/85.html]
[ctlyticstry.framer.website/matches/84.html]
[ctlyticstry.framer.website/matches/205.html]
[ctlyticstry.framer.website/matches/83.html]
[ctlyticstry.framer.website/matches/81.html]
[ctlyticstry.framer.website/matches/80.html]
[ctlyticstry.framer.website/matches/79.html]
[framerusercontent.com/images/6NjqDtHdscznpbteORR36OOLY.png]
[ctlyticstry.framer.website/matches/78.html]
[ctlyticstry.framer.website/matches/204.html]
[ctlyticstry.framer.website/matches/77.html]
[ctlyticstry.framer.website/matches/76.html]
[ctlyticstry.framer.website/matches/203.html]
[ctlyticstry.framer.website/matches/74.html]
[ctlyticstry.framer.website/matches/73.html]
[ctlyticstry.framer.website/matches/72.html]
[ctlyticstry.framer.website/matches/202.html]
[ctlyticstry.framer.website/matches/71.html]
[ctlyticstry.framer.website/matches/70.html]
[ctlyticstry.framer.website/matches/69.html]
[ctlyticstry.framer.website/matches/68.html]
[ctlyticstry.framer.website/matches/201.html]
[ctlyticstry.framer.website/matches/67.html]
[ctlyticstry.framer.website/matches/66.html]
[ctlyticstry.framer.website/matches/64.html]
[ctlyticstry.framer.website/matches/63.html]
[ctlyticstry.framer.website/matches/200.html]
[ctlyticstry.framer.website/matches/61.html]
[ctlyticstry.framer.website/matches/60.html]
[ctlyticstry.framer.website/matches/58.html]
[ctlyticstry.framer.website/matches/57.html]
[ctlyticstry.framer.website/matches/56.html]
[ctlyticstry.framer.website/matches/199.html]
[ctlyticstry.framer.website/matches/54.html]
[ctlyticstry.framer.website/matches/48.html]
[ctlyticstry.framer.website/matches/55.html]
[ctlyticstry.framer.website/matches/46.html]
[ctlyticstry.framer.website/matches/198.html]
[ctlyticstry.framer.website/matches/45.html]
[ctlyticstry.framer.website/matches/44.html]
[ctlyticstry.framer.website/matches/41.html]
[ctlyticstry.framer.website/matches/42.html]
[ctlyticstry.framer.website/matches/197.html]
[ctlyticstry.framer.website/matches/38.html]
[ctlyticstry.framer.website/matches/39.html]
[ctlyticstry.framer.website/matches/36.html]
[ctlyticstry.framer.website/matches/196.html]
[ctlyticstry.framer.website/matches/35.html]
[ctlyticstry.framer.website/matches/33.html]
[ctlyticstry.framer.website/matches/32.html]
[ctlyticstry.framer.website/matches/31.html]
[ctlyticstry.framer.website/matches/29.html]
[ctlyticstry.framer.website/matches/28.html]
[ctlyticstry.framer.website/matches/27.html]
[ctlyticstry.framer.website/matches/25.html]
[framerusercontent.com/images/Yl0GMqjGqkBCiv7Klb2mr4Tlk.png]
[ctlyticstry.framer.website/matches/195.html]
[ctlyticstry.framer.website/matches/24.html]
[ctlyticstry.framer.website/matches/194.html]
[ctlyticstry.framer.website/matches/22.html]
[ctlyticstry.framer.website/matches/193.html]
[ctlyticstry.framer.website/matches/21.html]
[ctlyticstry.framer.website/matches/20.html]
[ctlyticstry.framer.website/matches/18.html]
[ctlyticstry.framer.website/matches/17.html]
[ctlyticstry.framer.website/matches/192.html]
[ctlyticstry.framer.website/matches/15.html]
[ctlyticstry.framer.website/matches/11.html]
[ctlyticstry.framer.website/matches/14.html]
[ctlyticstry.framer.website/matches/12.html]
[ctlyticstry.framer.website/matches/10.html]
[ctlyticstry.framer.website/matches/191.html]
[ctlyticstry.framer.website/matches/8.html]
[ctlyticstry.framer.website/matches/7.html]
[ctlyticstry.framer.website/matches/9.html]
[ctlyticstry.framer.website/matches/6.html]
[ctlyticstry.framer.website/matches/190.html]
[ctlyticstry.framer.website/matches/4.html]
[ctlyticstry.framer.website/matches/189.html]
[ctlyticstry.framer.website/matches/3.html]
[ctlyticstry.framer.website/matches/5.html]
[ctlyticstry.framer.website/matches/2.html]
[ctlyticstry.framer.website/matches/1.html]
[ctlyticstry.framer.website/matches/188.html]
[ctlyticstry.framer.website/players/tni-rayyo-udios.html]
[ctlyticstry.framer.website/players/tni-kr1sz-1tap.html]
[ctlyticstry.framer.website/matches/187.html]
[ctlyticstry.framer.website/players/tni-diego-kdk.html]
[ctlyticstry.framer.website/players/tni-edy-yai.html]
[ctlyticstry.framer.website/matches/186.html]
[ctlyticstry.framer.website/players/tni-shokka-666.html]
[ctlyticstry.framer.website/players/lnd-pol-wcard.html]
[ctlyticstry.framer.website/players/xmacaquillor777x-dior.html]
[ctlyticstry.framer.website/players/delamac-1000.html]
[ctlyticstry.framer.website/players/infi-lil.html]
[ctlyticstry.framer.website/matches/185.html]
[ctlyticstry.framer.website/players/eb-loiito-zzzzz.html]
[ctlyticstry.framer.website/players/lukkstt-3164.html]
[ctlyticstry.framer.website/players/eb-juandee-deus.html]
[ctlyticstry.framer.website/players/eb-elbicho-1670.html]
[ctlyticstry.framer.website/matches/184.html]
[ctlyticstry.framer.website/players/eb-flaceer1-yacht.html]
[ctlyticstry.framer.website/players/lnd-aleexfdz-v-v.html]
[ctlyticstry.framer.website/players/poweranger-rojo-aim.html]
[ctlyticstry.framer.website/players/thexwrld-lljw.html]
[ctlyticstry.framer.website/matches/183.html]
[ctlyticstry.framer.website/players/vex-cobra-topg.html]
[ctlyticstry.framer.website/players/khg-w1lly-jwrld.html]
[ctlyticstry.framer.website/players/ｃｏｎｅｊｅяｏ-ｐｅｅｋ-ツ-1337.html]
[ctlyticstry.framer.website/players/asih-satán.html]
[ctlyticstry.framer.website/players/khg-movv-rina.html]
[framerusercontent.com/images/8RBjwwMzc7kzTC78Po7fMubokY.png]
[ctlyticstry.framer.website/players/khg-balaam-1234.html]
[ctlyticstry.framer.website/players/univ-elchuluno-ogt.html]
[ctlyticstry.framer.website/matches/182.html]
[ctlyticstry.framer.website/players/univ-rek1-snow.html]
[ctlyticstry.framer.website/players/lft-keatz-ttv.html]
[ctlyticstry.framer.website/matches/181.html]
[ctlyticstry.framer.website/players/univ-snow-nana.html]
[ctlyticstry.framer.website/players/univ-t1tan-snow.html]
[ctlyticstry.framer.website/players/univ-pablosaurio-meow.html]
[ctlyticstry.framer.website/players/underrated-goat-aura.html]
[ctlyticstry.framer.website/matches/180.html]
[ctlyticstry.framer.website/players/khg-ko0da-juju.html]
[ctlyticstry.framer.website/players/gen-floust-skyez.html]
[ctlyticstry.framer.website/players/ekixx-bobi.html]
[ctlyticstry.framer.website/players/iangigi-spain.html]
[ctlyticstry.framer.website/players/gen-frospo-balls.html]
[framerusercontent.com/images/L2Fmtr1NiWRPLKOu0nG35mGwjU.png]
[ctlyticstry.framer.website/players/tni-megamajoma-dandy.html]
[ctlyticstry.framer.website/matches/178.html]
[ctlyticstry.framer.website/players/lck-smart-deiv.html]
[ctlyticstry.framer.website/players/tni-antuツ-1255.html]
[ctlyticstry.framer.website/players/czn-p1bol-26bpm.html]
[ctlyticstry.framer.website/matches/176.html]
[ctlyticstry.framer.website/players/czn-xπry-26bpm.html]
[ctlyticstry.framer.website/players/tni-ganjha-666.html]
[ctlyticstry.framer.website/matches/175.html]
[ctlyticstry.framer.website/players/tni-alegr3-nitdo.html]
[ctlyticstry.framer.website/players/apexx-ainy.html]
[ctlyticstry.framer.website/players/gen-ra-rauw-tnf.html]
[ctlyticstry.framer.website/players/czn-cobra-26bpm.html]
[ctlyticstry.framer.website/players/czn-dubstep-26bpm.html]
[framerusercontent.com/images/ZIdcAT9euZNCoHJeJChUNxddwrE.png]
[ctlyticstry.framer.website/matches/174.html]
[ctlyticstry.framer.website/players/gen-alfonsito-0214.html]
[ctlyticstry.framer.website/players/tni-dollby-spain.html]
[ctlyticstry.framer.website/players/czn-bujaxd-26bpm.html]
[ctlyticstry.framer.website/matches/173.html]
[ctlyticstry.framer.website/players/shane-none.html]
[ctlyticstry.framer.website/players/mark-0006.html]
[ctlyticstry.framer.website/players/art-kayzen-rawr.html]
[ctlyticstry.framer.website/matches/172.html]
[ctlyticstry.framer.website/players/lnd-ekixx-bobi.html]
[ctlyticstry.framer.website/players/gg-xkyjote-mire.html]
[ctlyticstry.framer.website/players/fr0z-holy.html]
[ctlyticstry.framer.website/matches/171.html]
[ctlyticstry.framer.website/players/ambs-cardosa-사랑-2008.html]
[ctlyticstry.framer.website/players/lck-subzy-surr.html]
[ctlyticstry.framer.website/players/gon-rome.html]
[ctlyticstry.framer.website/players/at-breezly-hina.html]
[ctlyticstry.framer.website/matches/170.html]
[ctlyticstry.framer.website/players/no-one-op01.html]
[ctlyticstry.framer.website/players/cris-kbab.html]
[ctlyticstry.framer.website/players/sire-vity-g0d.html]
[ctlyticstry.framer.website/players/art-ryu-eyl.html]
[ctlyticstry.framer.website/players/peivol-zen.html]
[ctlyticstry.framer.website/matches/169.html]
[ctlyticstry.framer.website/players/ambs-exø-1411.html]
[ctlyticstry.framer.website/players/art-mape-goat.html]
[ctlyticstry.framer.website/players/eb-har1ock-trina.html]
[ctlyticstry.framer.website/players/ambs-sembla-punpu.html]
[ctlyticstry.framer.website/matches/168.html]
[ctlyticstry.framer.website/players/vex-buja-cabra.html]
[ctlyticstry.framer.website/players/aku-aleanto-esp.html]
[ctlyticstry.framer.website/players/lnd-gon-rome.html]
[ctlyticstry.framer.website/players/ambs-kurr-cuba.html]
[ctlyticstry.framer.website/matches/167.html]
[ctlyticstry.framer.website/players/shaadowz-klk.html]
[ctlyticstry.framer.website/players/slk-liam-tico.html]
[ctlyticstry.framer.website/players/slk-flex-esp.html]
[ctlyticstry.framer.website/matches/166.html]
[ctlyticstry.framer.website/players/cdc-levi-炎-karma.html]
[ctlyticstry.framer.website/players/szk-neltiiix-ttv.html]
[ctlyticstry.framer.website/matches/165.html]
[ctlyticstry.framer.website/players/lck-jxvy-2702.html]
[ctlyticstry.framer.website/players/sukry-5555.html]
[ctlyticstry.framer.website/players/ralbai-cojo.html]
[ctlyticstry.framer.website/matches/164.html]
[ctlyticstry.framer.website/matches/162.html]
[ctlyticstry.framer.website/players/urg-jaizz-xapi.html]
[ctlyticstry.framer.website/players/quincey-wicz.html]
[ctlyticstry.framer.website/players/art-nviiz-irn.html]
[ctlyticstry.framer.website/players/slk-an2-fps.html]
[ctlyticstry.framer.website/players/lgend-a23.html]
[ctlyticstry.framer.website/matches/161.html]
[ctlyticstry.framer.website/players/clush-xd-moro.html]
[ctlyticstry.framer.website/players/zorb0t-bobo.html]
[ctlyticstry.framer.website/players/szk-toni-1tap.html]
[ctlyticstry.framer.website/players/slk-awakening-101.html]
[ctlyticstry.framer.website/players/uds-demon-bloc.html]
[ctlyticstry.framer.website/matches/160.html]
[ctlyticstry.framer.website/players/vidal-5470.html]
[ctlyticstry.framer.website/players/eqz-jahbu-lgend.html]
[ctlyticstry.framer.website/players/uds-şμкμиα-1tap.html]
[ctlyticstry.framer.website/players/vlx-edzu-0sens.html]
[ctlyticstry.framer.website/players/envdian-0000.html]
[ctlyticstry.framer.website/matches/159.html]
[ctlyticstry.framer.website/players/keko-1tap.html]
[ctlyticstry.framer.website/players/lart1k3-nox.html]
[ctlyticstry.framer.website/matches/158.html]
[ctlyticstry.framer.website/players/peek-me-1tap.html]
[ctlyticstry.framer.website/players/ebisu-bern1.html]
[ctlyticstry.framer.website/players/vlx-bla1rk-sayo.html]
[ctlyticstry.framer.website/players/zomb1nh0-wow.html]
[ctlyticstry.framer.website/players/antogsxz-demon.html]
[ctlyticstry.framer.website/players/mnt-sato0-ooo.html]
[framerusercontent.com/images/GkbDQcQ6BaXeTpdCLyKOjri6pJI.png]
[ctlyticstry.framer.website/matches/157.html]
[ctlyticstry.framer.website/players/luisto-ego.html]
[ctlyticstry.framer.website/players/vlx-zeens-eg0.html]
[ctlyticstry.framer.website/players/modzz-3862.html]
[ctlyticstry.framer.website/matches/156.html]
[ctlyticstry.framer.website/matches/155.html]
[ctlyticstry.framer.website/players/inkelo-8250.html]
[ctlyticstry.framer.website/players/k0sm0s-raule.html]
[ctlyticstry.framer.website/players/ice-royal.html]
[ctlyticstry.framer.website/players/uds-arteemis-water.html]
[ctlyticstry.framer.website/players/vlx-neozzz-nohit.html]
[ctlyticstry.framer.website/matches/154.html]
[ctlyticstry.framer.website/players/don-polvoron-mm62.html]
[ctlyticstry.framer.website/players/eqz-sickzy-suki.html]
[ctlyticstry.framer.website/players/lituu-ﾒ-0606.html]
[ctlyticstry.framer.website/players/mnt-denчик-1cm.html]
[ctlyticstry.framer.website/players/peppa-le-pig-esp.html]
[ctlyticstry.framer.website/matches/153.html]
[ctlyticstry.framer.website/players/slt-synkhro-paula.html]
[ctlyticstry.framer.website/players/antoli-rcde.html]
[ctlyticstry.framer.website/players/goat-jorgito-429.html]
[ctlyticstry.framer.website/matches/152.html]
[ctlyticstry.framer.website/players/h1ts-never.html]
[ctlyticstry.framer.website/players/adc-kstr0-jcc.html]
[ctlyticstry.framer.website/players/mnt-maradona-1cm.html]
[ctlyticstry.framer.website/players/ashborn-nath.html]
[ctlyticstry.framer.website/matches/151.html]
[ctlyticstry.framer.website/players/jeke-kein.html]
[ctlyticstry.framer.website/players/glezz-iql.html]
[ctlyticstry.framer.website/players/topg-dubstep-t3t4s.html]
[ctlyticstry.framer.website/players/zzz-gaara.html]
[ctlyticstry.framer.website/players/la-manga-peek-lagg.html]
[ctlyticstry.framer.website/players/mnt-n0ah-edggg.html]
[ctlyticstry.framer.website/players/rodrigueezz-epico.html]
[ctlyticstry.framer.website/players/adc-carlos-i-grx.html]
[ctlyticstry.framer.website/matches/149.html]
[ctlyticstry.framer.website/players/raw1-diana.html]
[ctlyticstry.framer.website/players/xalex-koos.html]
[ctlyticstry.framer.website/players/cdc-chimuz-炎-aaaa.html]
[ctlyticstry.framer.website/players/cdc-jaka-炎-kami.html]
[ctlyticstry.framer.website/matches/148.html]
[ctlyticstry.framer.website/players/cdc-xgnsiss-炎-しにち.html]
[ctlyticstry.framer.website/tournaments/tsb.html]
[ctlyticstry.framer.website/players/iago-aspas-stppd.html]
[ctlyticstry.framer.website/teams/1000rr-club.html]
[ctlyticstry.framer.website/teams/tani-susanoo.html]
[ctlyticstry.framer.website/matches/147.html]
[ctlyticstry.framer.website/teams/tani-tsukuyomi.html]
[ctlyticstry.framer.website/teams/cryzen.html]
[ctlyticstry.framer.website/teams/rustoria-mondays.html]
[ctlyticstry.framer.website/teams/peluqueria-mariloli.html]
[ctlyticstry.framer.website/teams/zenn-club.html]
[ctlyticstry.framer.website/matches/146.html]
[ctlyticstry.framer.website/teams/linares-esports.html]
[ctlyticstry.framer.website/teams/team-velaxis.html]
[ctlyticstry.framer.website/matches/145.html]
[ctlyticstry.framer.website/teams/universae.html]
[ctlyticstry.framer.website/teams/genesis-esports.html]
[ctlyticstry.framer.website/teams/szk-academy.html]
[ctlyticstry.framer.website/teams/el-barco-esports.html]
[ctlyticstry.framer.website/matches/144.html]
[ctlyticstry.framer.website/teams/team-orion.html]
[ctlyticstry.framer.website/teams/cdc-valorant.html]
[ctlyticstry.framer.website/teams/ambys-team.html]
[ctlyticstry.framer.website/teams/maskapalosautenticoguachupino.html]
[ctlyticstry.framer.website/matches/143.html]
[ctlyticstry.framer.website/teams/monta-club-ace.html]
[ctlyticstry.framer.website/teams/avoid-esports.html]
[ctlyticstry.framer.website/matches/142.html]
[ctlyticstry.framer.website/teams/vortex-esports.html]
[ctlyticstry.framer.website/matches/141.html]
[ctlyticstry.framer.website/teams/fractious.html]
[ctlyticstry.framer.website/teams/las-palmas-unity.html]
[ctlyticstry.framer.website/teams/waist-ec.html]
[ctlyticstry.framer.website/teams/tani-amaterasu.html]
[ctlyticstry.framer.website/matches/140.html]
[ctlyticstry.framer.website/teams/arco-de-jason-statham.html]
[ctlyticstry.framer.website/teams/mighty-meerkats.html]
[ctlyticstry.framer.website/teams/agmet3.html]
[ctlyticstry.framer.website/teams/khore-gaming-valorant.html]
[ctlyticstry.framer.website/matches/139.html]
[ctlyticstry.framer.website/teams/ngs.html]
[ctlyticstry.framer.website/teams/la-banda-del-patio.html]
[ctlyticstry.framer.website/matches/138.html]
[ctlyticstry.framer.website/teams/artic-ninjas.html]
[ctlyticstry.framer.website/teams/tls-esports.html]
[ctlyticstry.framer.website/teams/burrote-seco.html]
[ctlyticstry.framer.website/teams/odyssey-gaming.html]
[ctlyticstry.framer.website/matches/137.html]
[ctlyticstry.framer.website/teams/locked-esports.html]
[ctlyticstry.framer.website/teams/adceuta-esports.html]
[ctlyticstry.framer.website/teams/sph-washed.html]
[ctlyticstry.framer.website/teams/mirror-never-surrender.html]
[ctlyticstry.framer.website/matches/136.html]
[ctlyticstry.framer.website/teams/el-pueblo.html]
[ctlyticstry.framer.website/teams/nox-gaming.html]
[ctlyticstry.framer.website/matches/135.html]
[ctlyticstry.framer.website/teams/god-esports.html]
[ctlyticstry.framer.website/teams/guinea-pink-silkie.html]
[ctlyticstry.framer.website/teams/ereus.html]
[ctlyticstry.framer.website/teams/tzmaniacs.html]
[ctlyticstry.framer.website/matches/134.html]
[ctlyticstry.framer.website/teams/xtec-esports.html]
[ctlyticstry.framer.website/teams/5gy-esports.html]
[ctlyticstry.framer.website/teams/golden-monkeys.html]
[ctlyticstry.framer.website/matches/133.html]
[ctlyticstry.framer.website/teams/pepino.html]
[ctlyticstry.framer.website/teams/los-chambales.html]
[ctlyticstry.framer.website/teams/nexum-ec.html]
[ctlyticstry.framer.website/matches/132.html]
[ctlyticstry.framer.website/teams/velaxis-academy.html]
[ctlyticstry.framer.website/teams/visions-esports.html]
[ctlyticstry.framer.website/matches/131.html]
[ctlyticstry.framer.website/teams/raven-exodus.html]
[ctlyticstry.framer.website/teams/cerox-esports.html]
[ctlyticstry.framer.website/teams/sc.html]
[ctlyticstry.framer.website/matches/130.html]
[ctlyticstry.framer.website/teams/essence.html]
[ctlyticstry.framer.website/teams/nick-hers.html]
[ctlyticstry.framer.website/teams/zenturions.html]
[ctlyticstry.framer.website/teams/sleik-esports.html]
[ctlyticstry.framer.website/teams/future-radiants.html]
[ctlyticstry.framer.website/matches/129.html]
[ctlyticstry.framer.website/teams/wazaaaaaa.html]
[ctlyticstry.framer.website/teams/vay-academy.html]
[ctlyticstry.framer.website/teams/mt-aura.html]
[ctlyticstry.framer.website/teams/stray-wolves.html]
[ctlyticstry.framer.website/matches/128.html]
[ctlyticstry.framer.website/teams/relentless-force.html]
[ctlyticstry.framer.website/teams/synergy.html]
[ctlyticstry.framer.website/teams/guinea-pink-baldwin.html]
[ctlyticstry.framer.website/teams/void.html]
[ctlyticstry.framer.website/matches/127.html]
[ctlyticstry.framer.website/teams/rage-mix.html]
[ctlyticstry.framer.website/teams/elionking.html]
[ctlyticstry.framer.website/teams/xtirpeteam.html]
[ctlyticstry.framer.website/teams/fans-de-pojosu.html]
[ctlyticstry.framer.website/matches/126.html]
[ctlyticstry.framer.website/matches/125.html]
[ctlyticstry.framer.website/matches/124.html]
[ctlyticstry.framer.website/matches/123.html]
[ctlyticstry.framer.website/matches/122.html]
[ctlyticstry.framer.website/matches/121.html]
[ctlyticstry.framer.website/matches/120.html]
[ctlyticstry.framer.website/matches/118.html]
[ctlyticstry.framer.website/matches/117.html]
[ctlyticstry.framer.website/matches/116.html]
[ctlyticstry.framer.website/matches/115.html]
[ctlyticstry.framer.website/matches/114.html]
[ctlyticstry.framer.website/matches/113.html]
[ctlyticstry.framer.website/matches/112.html]
[ctlyticstry.framer.website/matches/111.html]
[ctlyticstry.framer.website/matches/110.html]
[ctlyticstry.framer.website/matches/109.html]
[ctlyticstry.framer.website/matches/108.html]
[ctlyticstry.framer.website/matches/107.html]
[ctlyticstry.framer.website/matches/106.html]
[ctlyticstry.framer.website/matches/103.html]
[ctlyticstry.framer.website/matches/102.html]
[ctlyticstry.framer.website/matches/99.html]
[ctlyticstry.framer.website/matches/98.html]
[ctlyticstry.framer.website/teams/cierzo-esports.html]
[ctlyticstry.framer.website/matches/97.html]
[ctlyticstry.framer.website/matches/96.html]
[ctlyticstry.framer.website/matches/93.html]
[ctlyticstry.framer.website/matches/92.html]
[ctlyticstry.framer.website/matches/91.html]
[ctlyticstry.framer.website/matches/90.html]
[ctlyticstry.framer.website/matches/89.html]
[ctlyticstry.framer.website/matches/88.html]
[ctlyticstry.framer.website/teams/osprey-jade.html]
[ctlyticstry.framer.website/matches/87.html]
[ctlyticstry.framer.website/matches/86.html]
[ctlyticstry.framer.website/teams/team-ogmios.html]
[ctlyticstry.framer.website/teams/karasu-eaters.html]
[ctlyticstry.framer.website/matches/85.html]
[ctlyticstry.framer.website/matches/84.html]
[ctlyticstry.framer.website/matches/83.html]
[ctlyticstry.framer.website/matches/81.html]
[ctlyticstry.framer.website/teams/elionking-academy.html]
[ctlyticstry.framer.website/teams/w2wg.html]
[ctlyticstry.framer.website/matches/80.html]
[ctlyticstry.framer.website/matches/79.html]
[ctlyticstry.framer.website/matches/78.html]
[ctlyticstry.framer.website/matches/77.html]
[ctlyticstry.framer.website/matches/76.html]
[ctlyticstry.framer.website/matches/74.html]
[ctlyticstry.framer.website/teams/divine-esports.html]
[ctlyticstry.framer.website/matches/73.html]
[ctlyticstry.framer.website/matches/72.html]
[ctlyticstry.framer.website/matches/71.html]
[ctlyticstry.framer.website/matches/70.html]
[ctlyticstry.framer.website/matches/69.html]
[ctlyticstry.framer.website/teams/kbt-gaming.html]
[ctlyticstry.framer.website/matches/68.html]
[ctlyticstry.framer.website/matches/67.html]
[ctlyticstry.framer.website/teams/underdogs-syn-val.html]
[ctlyticstry.framer.website/teams/buscamos-organizacion.html]
[ctlyticstry.framer.website/matches/66.html]
[ctlyticstry.framer.website/matches/64.html]
[ctlyticstry.framer.website/matches/63.html]
[ctlyticstry.framer.website/matches/61.html]
[ctlyticstry.framer.website/tournaments/esm.html]
[ctlyticstry.framer.website/teams/top-g.html]
[ctlyticstry.framer.website/matches/60.html]
[ctlyticstry.framer.website/teams/enderpearl.html]
[ctlyticstry.framer.website/matches/58.html]
[ctlyticstry.framer.website/matches/57.html]
[ctlyticstry.framer.website/matches/56.html]
[ctlyticstry.framer.website/matches/55.html]
[ctlyticstry.framer.website/teams/team-b.html]
[ctlyticstry.framer.website/teams/man-i-love-fermin-trujillo.html]
[ctlyticstry.framer.website/matches/54.html]
[ctlyticstry.framer.website/matches/48.html]
[ctlyticstry.framer.website/matches/46.html]
[ctlyticstry.framer.website/teams/beyoneta-remix.html]
[ctlyticstry.framer.website/matches/45.html]
[ctlyticstry.framer.website/teams/kosomaks.html]
[ctlyticstry.framer.website/teams/nyegit-aimers.html]
[ctlyticstry.framer.website/tournaments/univ.html]
[ctlyticstry.framer.website/matches/44.html]
[ctlyticstry.framer.website/matches/42.html]
[ctlyticstry.framer.website/matches/41.html]
[ctlyticstry.framer.website/matches/39.html]
[ctlyticstry.framer.website/matches/38.html]
[ctlyticstry.framer.website/matches/36.html]
[ctlyticstry.framer.website/matches/35.html]
[ctlyticstry.framer.website/matches/33.html]
[ctlyticstry.framer.website/matches/32.html]
[ctlyticstry.framer.website/matches/31.html]
[ctlyticstry.framer.website/teams/team-gmask-valorant.html]
[ctlyticstry.framer.website/matches/29.html]
[ctlyticstry.framer.website/matches/28.html]
[ctlyticstry.framer.website/matches/27.html]
[ctlyticstry.framer.website/matches/25.html]
[ctlyticstry.framer.website/matches/24.html]
[ctlyticstry.framer.website/matches/22.html]
[ctlyticstry.framer.website/matches/21.html]
[ctlyticstry.framer.website/matches/20.html]
[ctlyticstry.framer.website/matches/18.html]
[ctlyticstry.framer.website/matches/17.html]
[ctlyticstry.framer.website/matches/15.html]
[ctlyticstry.framer.website/teams/lyokfox.html]
[ctlyticstry.framer.website/matches/14.html]
[ctlyticstry.framer.website/matches/12.html]
[ctlyticstry.framer.website/teams/aeternam-academy.html]
[ctlyticstry.framer.website/matches/11.html]
[ctlyticstry.framer.website/matches/10.html]
[ctlyticstry.framer.website/matches/9.html]
[ctlyticstry.framer.website/matches/8.html]
[ctlyticstry.framer.website/matches/7.html]
[ctlyticstry.framer.website/matches/6.html]
[ctlyticstry.framer.website/matches/5.html]
[ctlyticstry.framer.website/matches/4.html]
[ctlyticstry.framer.website/teams/meowmeowmeow.html]
[ctlyticstry.framer.website/matches/3.html]
[ctlyticstry.framer.website/matches/2.html]
[ctlyticstry.framer.website/matches/1.html]
[ctlyticstry.framer.website/teams/murcia-no-existe.html]
[framerusercontent.com/images/SEzdGclUDttPz7ofEgwAhDuLZuQ.png]
[ctlyticstry.framer.website/players/tni-kr1sz-1tap.html]
[framerusercontent.com/images/cjSTguzpq4yoEPm1EbAdGlElTY.png]
[ctlyticstry.framer.website/players/tni-rayyo-udios.html]
[ctlyticstry.framer.website/players/tni-diego-kdk.html]
[ctlyticstry.framer.website/players/tni-edy-yai.html]
[ctlyticstry.framer.website/players/tni-shokka-666.html]
[ctlyticstry.framer.website/players/xmacaquillor777x-dior.html]
[ctlyticstry.framer.website/players/lnd-pol-wcard.html]
[ctlyticstry.framer.website/players/delamac-1000.html]
[ctlyticstry.framer.website/players/infi-lil.html]
[framerusercontent.com/images/y220IxwFjWs3oe26ABHEqj6cvo.png]
[ctlyticstry.framer.website/players/eb-juandee-deus.html]
[ctlyticstry.framer.website/players/lukkstt-3164.html]
[ctlyticstry.framer.website/players/eb-loiito-zzzzz.html]
[ctlyticstry.framer.website/players/eb-elbicho-1670.html]
[ctlyticstry.framer.website/players/eb-flaceer1-yacht.html]
[ctlyticstry.framer.website/players/poweranger-rojo-aim.html]
[ctlyticstry.framer.website/players/lnd-aleexfdz-v-v.html]
[ctlyticstry.framer.website/players/thexwrld-lljw.html]
[ctlyticstry.framer.website/players/vex-cobra-topg.html]
[ga.jspm.io/npm_es-module-shims@1.6.3/dist/es-module-shims.js]
[framerusercontent.com/modules/5QIZNA4n5GTQbRxVAYJB/7LolREMVsVlDK32drvig/T9tzXmO8G.js]
[framerusercontent.com/modules/Mi5gfNIX0utevaQFY82m/KKoVKJ3a7FYOLtft2xgv/Rnlc5ymyr.js]
[framerusercontent.com/modules/B4IyDtevecCITxuxTi8S/zKHL39wMwUwvIW5RNprZ/MxK0c8vhQ.js]
[framerusercontent.com/modules/Tu7TBvc1X6vNT36LHkpg/OB5UEuVjXA3TFjAAHUyI/MB2CmTo72.js]
[framerusercontent.com/modules/TYyH12GpGCtxEviAHwEN/YNxzfwzbKfOLnwGQDhfH/Aepu58K5k.js]
[framerusercontent.com/modules/bJhOxiyj1MkYa9XymZWf/xHL3zpZKNeY0gU0lGXhT/U1KkVf6c6.js]
[framerusercontent.com/modules/VgpC4EKieTX6OTaACAtv/KUDAHAyVYyLVjU64lBqy/WhLED6e_z.js]
[framerusercontent.com/modules/hNXysUoBK4kxRWDvI7Dr/PrkxSYpOjprdZiLUtzcG/P6jgF8ocC.js]
[framerusercontent.com/modules/PLGfNIHPXFIutDZ54Agb/zDlGPnXJ8oe7x136dotJ/sXs64Qbbv.js]
[framerusercontent.com/modules/xUqrWpLOC7dbe22hp7cL/bn74NsEjHU0MEmM5UL2C/PQrB0Rt80.js]
[framerusercontent.com/modules/rrUwosv6Vjo0LJY1KoYp/dbh8GYbnESdY2qd7lEgk/oQ2i3KNPY.js]
[framerusercontent.com/modules/O258BjKZqeXMlnSqJ3lz/yQvncelERk08DhFzhQJF/uBP2poSCx.js]
[framerusercontent.com/modules/jRp4mlN3UUoe8kVb8gQY/lsR8WaeuCIyNhUeyWTWO/UWc6Oqya9.js]
[ctlyticstry.framer.website/players/ｃｏｎｅｊｅяｏ-ｐｅｅｋ-ツ-1337.html]
[ctlyticstry.framer.website/players/khg-w1lly-jwrld.html]
[ctlyticstry.framer.website/players/asih-satán.html]
[ctlyticstry.framer.website/players/khg-movv-rina.html]
[ctlyticstry.framer.website/players/khg-balaam-1234.html]
[framerusercontent.com/modules/uOPScvQP4gOossax8Dwy/KBuFdTh2YEbFMojAkmz7/yhlh6Eutz.js]
[framerusercontent.com/images/iMPOSvNUZYhLIt7ewqlYo4lZShw.jpg]
[ctlyticstry.framer.website/players/univ-rek1-snow.html]
[ctlyticstry.framer.website/players/univ-elchuluno-ogt.html]
[ctlyticstry.framer.website/players/univ-snow-nana.html]
[ctlyticstry.framer.website/players/univ-t1tan-snow.html]
[ctlyticstry.framer.website/players/lft-keatz-ttv.html]
[ctlyticstry.framer.website/players/univ-pablosaurio-meow.html]
[ctlyticstry.framer.website/players/underrated-goat-aura.html]
[ctlyticstry.framer.website/players/khg-ko0da-juju.html]
[ctlyticstry.framer.website/players/iangigi-spain.html]
[ctlyticstry.framer.website/players/gen-floust-skyez.html]
[ctlyticstry.framer.website/players/ekixx-bobi.html]
[ctlyticstry.framer.website/players/gen-frospo-balls.html]
[ctlyticstry.framer.website/players/tni-megamajoma-dandy.html]
[ctlyticstry.framer.website/players/lck-smart-deiv.html]
[ctlyticstry.framer.website/players/tni-antuツ-1255.html]
[ctlyticstry.framer.website/players/czn-p1bol-26bpm.html]
[ctlyticstry.framer.website/players/tni-alegr3-nitdo.html]
[ctlyticstry.framer.website/players/tni-ganjha-666.html]
[ctlyticstry.framer.website/players/czn-xπry-26bpm.html]
[ctlyticstry.framer.website/players/apexx-ainy.html]
[ctlyticstry.framer.website/players/gen-ra-rauw-tnf.html]
[ctlyticstry.framer.website/players/czn-dubstep-26bpm.html]
[ctlyticstry.framer.website/players/czn-cobra-26bpm.html]
[ctlyticstry.framer.website/players/tni-dollby-spain.html]
[ctlyticstry.framer.website/players/gen-alfonsito-0214.html]
[ctlyticstry.framer.website/players/czn-bujaxd-26bpm.html]
[ctlyticstry.framer.website/players/shane-none.html]
[ctlyticstry.framer.website/players/mark-0006.html]
[ctlyticstry.framer.website/players/art-kayzen-rawr.html]
[ctlyticstry.framer.website/players/lnd-ekixx-bobi.html]
[ctlyticstry.framer.website/players/gg-xkyjote-mire.html]
[ctlyticstry.framer.website/players/ambs-cardosa-사랑-2008.html]
[ctlyticstry.framer.website/players/fr0z-holy.html]
[ctlyticstry.framer.website/players/lck-subzy-surr.html]
[ctlyticstry.framer.website/players/gon-rome.html]
[ctlyticstry.framer.website/players/at-breezly-hina.html]
[ctlyticstry.framer.website/players/no-one-op01.html]
[ctlyticstry.framer.website/players/cris-kbab.html]
[ctlyticstry.framer.website/players/sire-vity-g0d.html]
[ctlyticstry.framer.website/players/art-ryu-eyl.html]
[ctlyticstry.framer.website/players/ambs-exø-1411.html]
[ctlyticstry.framer.website/players/peivol-zen.html]
[ctlyticstry.framer.website/players/art-mape-goat.html]
[ctlyticstry.framer.website/players/eb-har1ock-trina.html]
[ctlyticstry.framer.website/players/ambs-sembla-punpu.html]
[ctlyticstry.framer.website/players/vex-buja-cabra.html]
[ctlyticstry.framer.website/players/aku-aleanto-esp.html]
[ctlyticstry.framer.website/players/lnd-gon-rome.html]
[ctlyticstry.framer.website/players/ambs-kurr-cuba.html]
[ctlyticstry.framer.website/players/shaadowz-klk.html]
[ctlyticstry.framer.website/players/slk-liam-tico.html]
[ctlyticstry.framer.website/players/slk-flex-esp.html]
[ctlyticstry.framer.website/players/cdc-levi-炎-karma.html]
[ctlyticstry.framer.website/players/szk-neltiiix-ttv.html]
[ctlyticstry.framer.website/players/lck-jxvy-2702.html]
[framerusercontent.com/images/7wFDCOOu2IZVAFrJtPtYeOSbwc8.png]
[ctlyticstry.framer.website/players/sukry-5555.html]
[ctlyticstry.framer.website/players/ralbai-cojo.html]
[ctlyticstry.framer.website/players/urg-jaizz-xapi.html]
[ctlyticstry.framer.website/players/quincey-wicz.html]
[ctlyticstry.framer.website/players/slk-an2-fps.html]
[ctlyticstry.framer.website/players/art-nviiz-irn.html]
[ctlyticstry.framer.website/players/lgend-a23.html]
[ctlyticstry.framer.website/players/szk-toni-1tap.html]
[ctlyticstry.framer.website/players/clush-xd-moro.html]
[ctlyticstry.framer.website/players/zorb0t-bobo.html]
[ctlyticstry.framer.website/players/slk-awakening-101.html]
[ctlyticstry.framer.website/players/eqz-jahbu-lgend.html]
[ctlyticstry.framer.website/players/uds-demon-bloc.html]
[ctlyticstry.framer.website/players/vidal-5470.html]
[ctlyticstry.framer.website/players/uds-şμкμиα-1tap.html]
[ctlyticstry.framer.website/players/vlx-edzu-0sens.html]
[ctlyticstry.framer.website/players/envdian-0000.html]
[ctlyticstry.framer.website/players/keko-1tap.html]
[ctlyticstry.framer.website/players/lart1k3-nox.html]
[ctlyticstry.framer.website/players/peek-me-1tap.html]
[ctlyticstry.framer.website/players/ebisu-bern1.html]
[ctlyticstry.framer.website/players/vlx-bla1rk-sayo.html]
[ctlyticstry.framer.website/players/zomb1nh0-wow.html]
[ctlyticstry.framer.website/players/antogsxz-demon.html]
[ctlyticstry.framer.website/matches/101.html]
[ctlyticstry.framer.website/players/mnt-sato0-ooo.html]
[ctlyticstry.framer.website/players/luisto-ego.html]
[ctlyticstry.framer.website/players/modzz-3862.html]
[ctlyticstry.framer.website/players/vlx-zeens-eg0.html]
[ctlyticstry.framer.website/players/inkelo-8250.html]
[ctlyticstry.framer.website/players/ice-royal.html]
[ctlyticstry.framer.website/players/k0sm0s-raule.html]
[ctlyticstry.framer.website/players/uds-arteemis-water.html]
[ctlyticstry.framer.website/players/vlx-neozzz-nohit.html]
[ctlyticstry.framer.website/players/don-polvoron-mm62.html]
[ctlyticstry.framer.website/players/lituu-ﾒ-0606.html]
[ctlyticstry.framer.website/players/mnt-denчик-1cm.html]
[ctlyticstry.framer.website/players/eqz-sickzy-suki.html]
[ctlyticstry.framer.website/players/peppa-le-pig-esp.html]
[ctlyticstry.framer.website/players/slt-synkhro-paula.html]
[ctlyticstry.framer.website/players/antoli-rcde.html]
[ctlyticstry.framer.website/players/goat-jorgito-429.html]
[ctlyticstry.framer.website/players/h1ts-never.html]
[ctlyticstry.framer.website/players/adc-kstr0-jcc.html]
[ctlyticstry.framer.website/players/mnt-maradona-1cm.html]
[ctlyticstry.framer.website/players/ashborn-nath.html]
[ctlyticstry.framer.website/players/jeke-kein.html]
[ctlyticstry.framer.website/players/glezz-iql.html]
[ctlyticstry.framer.website/players/topg-dubstep-t3t4s.html]
[ctlyticstry.framer.website/players/zzz-gaara.html]
[ctlyticstry.framer.website/players/la-manga-peek-lagg.html]
[ctlyticstry.framer.website/players/mnt-n0ah-edggg.html]
[ctlyticstry.framer.website/players/rodrigueezz-epico.html]
[ctlyticstry.framer.website/players/adc-carlos-i-grx.html]
[ctlyticstry.framer.website/players/raw1-diana.html]
[ctlyticstry.framer.website/players/xalex-koos.html]
[ctlyticstry.framer.website/players/cdc-chimuz-炎-aaaa.html]
[ctlyticstry.framer.website/players/cdc-jaka-炎-kami.html]
[ctlyticstry.framer.website/players/cdc-xgnsiss-炎-しにち.html]
[ctlyticstry.framer.website/players/iago-aspas-stppd.html]
[framerusercontent.com/images/aGoeRktUmJFqABUdGaqmXFSd0Q.png]
[framerusercontent.com/images/if9ATX7eIaDjVji9fDJFggS8.png]
[ctlyticstry.framer.website/tournaments/tsb.html]
[framerusercontent.com/images/YnJrJXEfRAobLU8foVXPa4o7g.png]
[framerusercontent.com/images/tObpxJeKe01hffZQjSrs6J2zZ54.png]
[framerusercontent.com/images/amxpMiNfkAAOkklZ4SaWqmPmehs.png]
[framerusercontent.com/images/iEi6tnktAnRJZVkgAYzFX0UliI.png]
[framerusercontent.com/images/OMvzoEC4C4WtNdl7THorijpPO0k.png]
[ctlyticstry.framer.website/teams/1000rr-club.html]
[framerusercontent.com/images/wtbVN2dd4bPLcd9fOa4R7yNS2Tk.png]
[ctlyticstry.framer.website/teams/tani-susanoo.html]
[ctlyticstry.framer.website/teams/cryzen.html]
[ctlyticstry.framer.website/teams/rustoria-mondays.html]
[ctlyticstry.framer.website/matches/215.html]
[framerusercontent.com/images/a0i1g8jSy1WQAtYR31mJuFB3ta8.png]
[ctlyticstry.framer.website/teams/tani-tsukuyomi.html]
[ctlyticstry.framer.website/teams/peluqueria-mariloli.html]
[ctlyticstry.framer.website/teams/zenn-club.html]
[ctlyticstry.framer.website/teams/team-velaxis.html]
[ctlyticstry.framer.website/matches/208.html]
[ctlyticstry.framer.website/teams/linares-esports.html]
[ctlyticstry.framer.website/teams/universae.html]
[ctlyticstry.framer.website/matches/211.html]
[ctlyticstry.framer.website/matches/179.html]
[framerusercontent.com/images/clyVEIItCfiTT1be1E63oR9jZI.png]
[framerusercontent.com/images/xJ1JHcxfXbA1NSdDH4cFX7FgM8.png]
[ctlyticstry.framer.website/teams/genesis-esports.html]
[ctlyticstry.framer.website/teams/el-barco-esports.html]
[ctlyticstry.framer.website/teams/szk-academy.html]
[ctlyticstry.framer.website/matches/177.html]
[ctlyticstry.framer.website/teams/cdc-valorant.html]
[ctlyticstry.framer.website/teams/team-orion.html]
[ctlyticstry.framer.website/teams/ambys-team.html]
[ctlyticstry.framer.website/teams/maskapalosautenticoguachupino.html]
[ctlyticstry.framer.website/teams/monta-club-ace.html]
[ctlyticstry.framer.website/teams/avoid-esports.html]
[ctlyticstry.framer.website/teams/vortex-esports.html]
[ctlyticstry.framer.website/teams/fractious.html]
[ctlyticstry.framer.website/teams/las-palmas-unity.html]
[ctlyticstry.framer.website/teams/waist-ec.html]
[ctlyticstry.framer.website/matches/75.html]
[ctlyticstry.framer.website/teams/tani-amaterasu.html]
[ctlyticstry.framer.website/teams/arco-de-jason-statham.html]
[ctlyticstry.framer.website/teams/mighty-meerkats.html]
[ctlyticstry.framer.website/teams/agmet3.html]
[ctlyticstry.framer.website/teams/khore-gaming-valorant.html]
[ctlyticstry.framer.website/matches/94.html]
[ctlyticstry.framer.website/matches/163.html]
[ctlyticstry.framer.website/matches/82.html]
[ctlyticstry.framer.website/teams/artic-ninjas.html]
[ctlyticstry.framer.website/matches/105.html]
[ctlyticstry.framer.website/matches/40.html]
[ctlyticstry.framer.website/teams/la-banda-del-patio.html]
[ctlyticstry.framer.website/teams/ngs.html]
[ctlyticstry.framer.website/teams/tls-esports.html]
[ctlyticstry.framer.website/teams/burrote-seco.html]
[ctlyticstry.framer.website/teams/odyssey-gaming.html]
[ctlyticstry.framer.website/teams/locked-esports.html]
[ctlyticstry.framer.website/teams/adceuta-esports.html]
[ctlyticstry.framer.website/teams/mirror-never-surrender.html]
[ctlyticstry.framer.website/teams/sph-washed.html]
[ctlyticstry.framer.website/teams/el-pueblo.html]
[ctlyticstry.framer.website/teams/nox-gaming.html]
[ctlyticstry.framer.website/teams/guinea-pink-silkie.html]
[ctlyticstry.framer.website/matches/49.html]
[ctlyticstry.framer.website/teams/god-esports.html]
[ctlyticstry.framer.website/teams/ereus.html]
[ctlyticstry.framer.website/teams/tzmaniacs.html]
[ctlyticstry.framer.website/teams/xtec-esports.html]
[ctlyticstry.framer.website/teams/5gy-esports.html]
[ctlyticstry.framer.website/teams/golden-monkeys.html]
[ctlyticstry.framer.website/teams/pepino.html]
[ctlyticstry.framer.website/teams/nexum-ec.html]
[ctlyticstry.framer.website/teams/los-chambales.html]
[ctlyticstry.framer.website/teams/velaxis-academy.html]
[ctlyticstry.framer.website/teams/visions-esports.html]
[ctlyticstry.framer.website/teams/cerox-esports.html]
[ctlyticstry.framer.website/teams/raven-exodus.html]
[ctlyticstry.framer.website/teams/sc.html]
[ctlyticstry.framer.website/teams/essence.html]
[ctlyticstry.framer.website/teams/zenturions.html]
[ctlyticstry.framer.website/teams/nick-hers.html]
[ctlyticstry.framer.website/matches/150.html]
[ctlyticstry.framer.website/matches/104.html]
[ctlyticstry.framer.website/teams/sleik-esports.html]
[ctlyticstry.framer.website/teams/future-radiants.html]
[ctlyticstry.framer.website/teams/mt-aura.html]
[ctlyticstry.framer.website/teams/vay-academy.html]
[ctlyticstry.framer.website/teams/wazaaaaaa.html]
[ctlyticstry.framer.website/teams/stray-wolves.html]
[ctlyticstry.framer.website/teams/relentless-force.html]
[ctlyticstry.framer.website/matches/37.html]
[ctlyticstry.framer.website/matches/100.html]
[ctlyticstry.framer.website/matches/119.html]
[ctlyticstry.framer.website/teams/void.html]
[ctlyticstry.framer.website/teams/synergy.html]
[ctlyticstry.framer.website/teams/guinea-pink-baldwin.html]
[ctlyticstry.framer.website/teams/elionking.html]
[ctlyticstry.framer.website/teams/rage-mix.html]
[ctlyticstry.framer.website/teams/xtirpeteam.html]
[ctlyticstry.framer.website/teams/fans-de-pojosu.html]
[ctlyticstry.framer.website/teams/cierzo-esports.html]
[ctlyticstry.framer.website/teams/osprey-jade.html]
[ctlyticstry.framer.website/teams/team-ogmios.html]
[ctlyticstry.framer.website/teams/karasu-eaters.html]
[ctlyticstry.framer.website/teams/elionking-academy.html]
[ctlyticstry.framer.website/teams/w2wg.html]
[ctlyticstry.framer.website/teams/divine-esports.html]
[ctlyticstry.framer.website/teams/kbt-gaming.html]
[ctlyticstry.framer.website/matches/53.html]
[ctlyticstry.framer.website/matches/95.html]
[ctlyticstry.framer.website/teams/underdogs-syn-val.html]
[ctlyticstry.framer.website/teams/buscamos-organizacion.html]
[ctlyticstry.framer.website/teams/top-g.html]
[ctlyticstry.framer.website/matches/52.html]
[ctlyticstry.framer.website/tournaments/esm.html]
[ctlyticstry.framer.website/matches/62.html]
[ctlyticstry.framer.website/teams/enderpearl.html]
[ctlyticstry.framer.website/matches/65.html]
[ctlyticstry.framer.website/matches/59.html]
[ctlyticstry.framer.website/teams/team-b.html]
[ctlyticstry.framer.website/matches/50.html]
[ctlyticstry.framer.website/matches/51.html]
[ctlyticstry.framer.website/teams/man-i-love-fermin-trujillo.html]
[ctlyticstry.framer.website/teams/beyoneta-remix.html]
[ctlyticstry.framer.website/teams/kosomaks.html]
[ctlyticstry.framer.website/teams/nyegit-aimers.html]
[ctlyticstry.framer.website/matches/13.html]
[framerusercontent.com/images/lFRyHv43kZJ5lRnZ9kuoEicVHIg.png]
[ctlyticstry.framer.website/tournaments/univ.html]
[ctlyticstry.framer.website/teams/team-gmask-valorant.html]
[ctlyticstry.framer.website/teams/lyokfox.html]
[ctlyticstry.framer.website/teams/aeternam-academy.html]
[ctlyticstry.framer.website/teams/meowmeowmeow.html]
[ctlyticstry.framer.website/matches/43.html]
[ctlyticstry.framer.website/matches/30.html]
[ctlyticstry.framer.website/teams/murcia-no-existe.html]
[ctlyticstry.framer.website/players/'https_/fonts.googleapis.com/css2b806.html]
[ctlyticstry.framer.website/matches/101.html]
[ctlyticstry.framer.website/matches/215.html]
[ctlyticstry.framer.website/matches/23.html]
[ctlyticstry.framer.website/matches/208.html]
[ctlyticstry.framer.website/matches/211.html]
[ctlyticstry.framer.website/matches/179.html]
[ctlyticstry.framer.website/matches/177.html]
[ctlyticstry.framer.website/matches/75.html]
[ctlyticstry.framer.website/matches/163.html]
[ctlyticstry.framer.website/matches/94.html]
[ctlyticstry.framer.website/matches/82.html]
[ctlyticstry.framer.website/matches/105.html]
[ctlyticstry.framer.website/matches/40.html]
[ctlyticstry.framer.website/matches/16.html]
[ctlyticstry.framer.website/matches/49.html]
[ctlyticstry.framer.website/matches/150.html]
[ctlyticstry.framer.website/matches/104.html]
[ctlyticstry.framer.website/matches/37.html]
[ctlyticstry.framer.website/matches/119.html]
[ctlyticstry.framer.website/matches/100.html]
[ctlyticstry.framer.website/matches/53.html]
[ctlyticstry.framer.website/matches/95.html]
[ctlyticstry.framer.website/matches/62.html]
[ctlyticstry.framer.website/matches/52.html]
[ctlyticstry.framer.website/matches/65.html]
[ctlyticstry.framer.website/matches/59.html]
[ctlyticstry.framer.website/matches/50.html]
[ctlyticstry.framer.website/matches/51.html]
[ctlyticstry.framer.website/matches/13.html]
[ctlyticstry.framer.website/matches/43.html]
[ctlyticstry.framer.website/matches/30.html]
[ctlyticstry.framer.website/matches/23.html]
[ctlyticstry.framer.website/matches/16.html]
[ctlyticstry.framer.website/teams/linkx.html]
[ctlyticstry.framer.website/teams/linkx.html]
